<?xml version="1.0" encoding="UTF-8"?>
<testng-results skipped="0" failed="0" total="1" passed="1">
  <reporter-output>
  </reporter-output>
  <suite name="Default suite" duration-ms="125" started-at="2021-12-10T10:19:21Z" finished-at="2021-12-10T10:19:21Z">
    <groups>
    </groups>
    <test name="Default test" duration-ms="125" started-at="2021-12-10T10:19:21Z" finished-at="2021-12-10T10:19:21Z">
      <class name="contact.MiTest">
        <test-method status="PASS" signature="mi()[pri:0, instance:contact.MiTest@6979e8cb]" name="mi" duration-ms="47" started-at="2021-12-10T02:19:21Z" finished-at="2021-12-10T02:19:21Z">
          <reporter-output>
          </reporter-output>
        </test-method> <!-- mi -->
      </class> <!-- contact.MiTest -->
    </test> <!-- Default test -->
  </suite> <!-- Default suite -->
</testng-results>
